<?xml version="1.0" encoding="UTF-8"?>
<testsuite xmlns:xsi="http://www.w3.org/2001/XMLSchema-instance" xsi:noNamespaceSchemaLocation="https://maven.apache.org/surefire/maven-surefire-plugin/xsd/surefire-test-report-3.0.xsd" version="3.0" name="TestSuite" time="1.498" tests="109" errors="0" skipped="0" failures="0">
  <properties>
    <property name="java.specification.version" value="20"/>
    <property name="sun.jnu.encoding" value="UTF-8"/>
    <property name="java.class.path" value="/Users/test/NetBeansProjects/testngdemo/target/test-classes:/Users/test/NetBeansProjects/testngdemo/target/classes:/Users/test/.m2/repository/org/testng/testng/7.9.0/testng-7.9.0.jar:/Users/test/.m2/repository/org/slf4j/slf4j-api/1.7.36/slf4j-api-1.7.36.jar:/Users/test/.m2/repository/com/beust/jcommander/1.82/jcommander-1.82.jar:/Users/test/.m2/repository/org/webjars/jquery/3.7.1/jquery-3.7.1.jar:"/>
    <property name="java.vm.vendor" value="Oracle Corporation"/>
    <property name="sun.arch.data.model" value="64"/>
    <property name="java.vendor.url" value="https://java.oracle.com/"/>
    <property name="user.timezone" value="Pacific/Fiji"/>
    <property name="os.name" value="Mac OS X"/>
    <property name="java.vm.specification.version" value="20"/>
    <property name="user.country" value="GB"/>
    <property name="sun.java.launcher" value="SUN_STANDARD"/>
    <property name="sun.boot.library.path" value="/Library/Java/JavaVirtualMachines/jdk-20.jdk/Contents/Home/lib"/>
    <property name="sun.java.command" value="/Users/test/NetBeansProjects/testngdemo/target/surefire/surefirebooter-20241021173446870_3.jar /Users/test/NetBeansProjects/testngdemo/target/surefire 2024-10-21T17-34-46_789-jvmRun1 surefire-20241021173446870_1tmp surefire_0-20241021173446870_2tmp"/>
    <property name="http.nonProxyHosts" value="local|*.local|169.254/16|*.169.254/16"/>
    <property name="jdk.debug" value="release"/>
    <property name="surefire.test.class.path" value="/Users/test/NetBeansProjects/testngdemo/target/test-classes:/Users/test/NetBeansProjects/testngdemo/target/classes:/Users/test/.m2/repository/org/testng/testng/7.9.0/testng-7.9.0.jar:/Users/test/.m2/repository/org/slf4j/slf4j-api/1.7.36/slf4j-api-1.7.36.jar:/Users/test/.m2/repository/com/beust/jcommander/1.82/jcommander-1.82.jar:/Users/test/.m2/repository/org/webjars/jquery/3.7.1/jquery-3.7.1.jar:"/>
    <property name="sun.cpu.endian" value="little"/>
    <property name="user.home" value="/Users/test"/>
    <property name="user.language" value="en"/>
    <property name="java.specification.vendor" value="Oracle Corporation"/>
    <property name="java.version.date" value="2023-03-21"/>
    <property name="java.home" value="/Library/Java/JavaVirtualMachines/jdk-20.jdk/Contents/Home"/>
    <property name="file.separator" value="/"/>
    <property name="basedir" value="/Users/test/NetBeansProjects/testngdemo"/>
    <property name="java.vm.compressedOopsMode" value="Zero based"/>
    <property name="line.separator" value="&#10;"/>
    <property name="java.vm.specification.vendor" value="Oracle Corporation"/>
    <property name="java.specification.name" value="Java Platform API Specification"/>
    <property name="apple.awt.application.name" value="ForkedBooter"/>
    <property name="surefire.real.class.path" value="/Users/test/NetBeansProjects/testngdemo/target/surefire/surefirebooter-20241021173446870_3.jar"/>
    <property name="sun.management.compiler" value="HotSpot 64-Bit Tiered Compilers"/>
    <property name="ftp.nonProxyHosts" value="local|*.local|169.254/16|*.169.254/16"/>
    <property name="java.runtime.version" value="20+36-2344"/>
    <property name="user.name" value="test"/>
    <property name="stdout.encoding" value="UTF-8"/>
    <property name="path.separator" value=":"/>
    <property name="os.version" value="14.4.1"/>
    <property name="java.runtime.name" value="Java(TM) SE Runtime Environment"/>
    <property name="file.encoding" value="UTF-8"/>
    <property name="java.vm.name" value="Java HotSpot(TM) 64-Bit Server VM"/>
    <property name="maven.ext.class.path" value="/Applications/Apache NetBeans.app/Contents/Resources/netbeans/java/maven-nblib/netbeans-eventspy.jar"/>
    <property name="localRepository" value="/Users/test/.m2/repository"/>
    <property name="java.vendor.url.bug" value="https://bugreport.java.com/bugreport/"/>
    <property name="java.io.tmpdir" value="/var/folders/q1/7vl8xmrx69z5m827khmlnmqm0000gp/T/"/>
    <property name="java.version" value="20"/>
    <property name="user.dir" value="/Users/test/NetBeansProjects/testngdemo"/>
    <property name="os.arch" value="x86_64"/>
    <property name="java.vm.specification.name" value="Java Virtual Machine Specification"/>
    <property name="native.encoding" value="UTF-8"/>
    <property name="java.library.path" value="/Users/test/Library/Java/Extensions:/Library/Java/Extensions:/Network/Library/Java/Extensions:/System/Library/Java/Extensions:/usr/lib/java:."/>
    <property name="java.vm.info" value="mixed mode, sharing"/>
    <property name="stderr.encoding" value="UTF-8"/>
    <property name="java.vendor" value="Oracle Corporation"/>
    <property name="java.vm.version" value="20+36-2344"/>
    <property name="sun.io.unicode.encoding" value="UnicodeBig"/>
    <property name="socksNonProxyHosts" value="local|*.local|169.254/16|*.169.254/16"/>
    <property name="java.class.version" value="64.0"/>
  </properties>
  <testcase name="testMultiplication" classname="com.cs341.a2.testngdemo.TestngdemoNGTest" time="0.003">
    <system-err><![CDATA[SLF4J: Failed to load class "org.slf4j.impl.StaticLoggerBinder".
SLF4J: Defaulting to no-operation (NOP) logger implementation
SLF4J: See http://www.slf4j.org/codes.html#StaticLoggerBinder for further details.
]]></system-err>
  </testcase>
  <testcase name="testSubtraction" classname="com.cs341.a2.testngdemo.TestngdemoNGTest" time="0.01"/>
  <testcase name="testAddition" classname="com.cs341.a2.testngdemo.TestngdemoNGTest" time="0.01"/>
  <testcase name="testIncrementCounterParallel" classname="com.cs341.a2.testngdemo.TestngdemoNGTest" time="0.01"/>
  <testcase name="testIncrementCounterParallel" classname="com.cs341.a2.testngdemo.TestngdemoNGTest" time="0.01"/>
  <testcase name="testIncrementCounterParallel" classname="com.cs341.a2.testngdemo.TestngdemoNGTest" time="0.01"/>
  <testcase name="testIncrementCounterParallel" classname="com.cs341.a2.testngdemo.TestngdemoNGTest" time="0.01"/>
  <testcase name="testIncrementCounterParallel" classname="com.cs341.a2.testngdemo.TestngdemoNGTest" time="0.0"/>
  <testcase name="testIncrementCounterParallel" classname="com.cs341.a2.testngdemo.TestngdemoNGTest" time="0.0"/>
  <testcase name="testIncrementCounterParallel" classname="com.cs341.a2.testngdemo.TestngdemoNGTest" time="0.0"/>
  <testcase name="testIncrementCounterParallel" classname="com.cs341.a2.testngdemo.TestngdemoNGTest" time="0.0"/>
  <testcase name="testIncrementCounterParallel" classname="com.cs341.a2.testngdemo.TestngdemoNGTest" time="0.0"/>
  <testcase name="testIncrementCounterParallel" classname="com.cs341.a2.testngdemo.TestngdemoNGTest" time="0.0"/>
  <testcase name="testIncrementCounterParallel" classname="com.cs341.a2.testngdemo.TestngdemoNGTest" time="0.0"/>
  <testcase name="testIncrementCounterParallel" classname="com.cs341.a2.testngdemo.TestngdemoNGTest" time="0.0"/>
  <testcase name="testIncrementCounterParallel" classname="com.cs341.a2.testngdemo.TestngdemoNGTest" time="0.0"/>
  <testcase name="testIncrementCounterParallel" classname="com.cs341.a2.testngdemo.TestngdemoNGTest" time="0.0"/>
  <testcase name="testIncrementCounterParallel" classname="com.cs341.a2.testngdemo.TestngdemoNGTest" time="0.001"/>
  <testcase name="testIncrementCounterParallel" classname="com.cs341.a2.testngdemo.TestngdemoNGTest" time="0.0"/>
  <testcase name="testIncrementCounterParallel" classname="com.cs341.a2.testngdemo.TestngdemoNGTest" time="0.0"/>
  <testcase name="testIncrementCounterParallel" classname="com.cs341.a2.testngdemo.TestngdemoNGTest" time="0.0"/>
  <testcase name="testIncrementCounterParallel" classname="com.cs341.a2.testngdemo.TestngdemoNGTest" time="0.0"/>
  <testcase name="testIncrementCounterParallel" classname="com.cs341.a2.testngdemo.TestngdemoNGTest" time="0.0"/>
  <testcase name="testIncrementCounterParallel" classname="com.cs341.a2.testngdemo.TestngdemoNGTest" time="0.0"/>
  <testcase name="testIncrementCounterParallel" classname="com.cs341.a2.testngdemo.TestngdemoNGTest" time="0.0"/>
  <testcase name="testIncrementCounterParallel" classname="com.cs341.a2.testngdemo.TestngdemoNGTest" time="0.0"/>
  <testcase name="testIncrementCounterParallel" classname="com.cs341.a2.testngdemo.TestngdemoNGTest" time="0.0"/>
  <testcase name="testIncrementCounterParallel" classname="com.cs341.a2.testngdemo.TestngdemoNGTest" time="0.001"/>
  <testcase name="testIncrementCounterParallel" classname="com.cs341.a2.testngdemo.TestngdemoNGTest" time="0.0"/>
  <testcase name="testIncrementCounterParallel" classname="com.cs341.a2.testngdemo.TestngdemoNGTest" time="0.0"/>
  <testcase name="testIncrementCounterParallel" classname="com.cs341.a2.testngdemo.TestngdemoNGTest" time="0.001"/>
  <testcase name="testIncrementCounterParallel" classname="com.cs341.a2.testngdemo.TestngdemoNGTest" time="0.001"/>
  <testcase name="testIncrementCounterParallel" classname="com.cs341.a2.testngdemo.TestngdemoNGTest" time="0.0"/>
  <testcase name="testIncrementCounterParallel" classname="com.cs341.a2.testngdemo.TestngdemoNGTest" time="0.0"/>
  <testcase name="testIncrementCounterParallel" classname="com.cs341.a2.testngdemo.TestngdemoNGTest" time="0.0"/>
  <testcase name="testIncrementCounterParallel" classname="com.cs341.a2.testngdemo.TestngdemoNGTest" time="0.0"/>
  <testcase name="testIncrementCounterParallel" classname="com.cs341.a2.testngdemo.TestngdemoNGTest" time="0.0"/>
  <testcase name="testIncrementCounterParallel" classname="com.cs341.a2.testngdemo.TestngdemoNGTest" time="0.0"/>
  <testcase name="testIncrementCounterParallel" classname="com.cs341.a2.testngdemo.TestngdemoNGTest" time="0.001"/>
  <testcase name="testIncrementCounterParallel" classname="com.cs341.a2.testngdemo.TestngdemoNGTest" time="0.0"/>
  <testcase name="testIncrementCounterParallel" classname="com.cs341.a2.testngdemo.TestngdemoNGTest" time="0.0"/>
  <testcase name="testIncrementCounterParallel" classname="com.cs341.a2.testngdemo.TestngdemoNGTest" time="0.0"/>
  <testcase name="testIncrementCounterParallel" classname="com.cs341.a2.testngdemo.TestngdemoNGTest" time="0.0"/>
  <testcase name="testIncrementCounterParallel" classname="com.cs341.a2.testngdemo.TestngdemoNGTest" time="0.001"/>
  <testcase name="testIncrementCounterParallel" classname="com.cs341.a2.testngdemo.TestngdemoNGTest" time="0.0"/>
  <testcase name="testIncrementCounterParallel" classname="com.cs341.a2.testngdemo.TestngdemoNGTest" time="0.0"/>
  <testcase name="testIncrementCounterParallel" classname="com.cs341.a2.testngdemo.TestngdemoNGTest" time="0.0"/>
  <testcase name="testIncrementCounterParallel" classname="com.cs341.a2.testngdemo.TestngdemoNGTest" time="0.0"/>
  <testcase name="testIncrementCounterParallel" classname="com.cs341.a2.testngdemo.TestngdemoNGTest" time="0.0"/>
  <testcase name="testIncrementCounterParallel" classname="com.cs341.a2.testngdemo.TestngdemoNGTest" time="0.0"/>
  <testcase name="testIncrementCounterParallel" classname="com.cs341.a2.testngdemo.TestngdemoNGTest" time="0.0"/>
  <testcase name="testIncrementCounterParallel" classname="com.cs341.a2.testngdemo.TestngdemoNGTest" time="0.0"/>
  <testcase name="testIncrementCounterParallel" classname="com.cs341.a2.testngdemo.TestngdemoNGTest" time="0.0"/>
  <testcase name="testIncrementCounterParallel" classname="com.cs341.a2.testngdemo.TestngdemoNGTest" time="0.0"/>
  <testcase name="testIncrementCounterParallel" classname="com.cs341.a2.testngdemo.TestngdemoNGTest" time="0.0"/>
  <testcase name="testIncrementCounterParallel" classname="com.cs341.a2.testngdemo.TestngdemoNGTest" time="0.0"/>
  <testcase name="testIncrementCounterParallel" classname="com.cs341.a2.testngdemo.TestngdemoNGTest" time="0.0"/>
  <testcase name="testIncrementCounterParallel" classname="com.cs341.a2.testngdemo.TestngdemoNGTest" time="0.0"/>
  <testcase name="testIncrementCounterParallel" classname="com.cs341.a2.testngdemo.TestngdemoNGTest" time="0.001"/>
  <testcase name="testIncrementCounterParallel" classname="com.cs341.a2.testngdemo.TestngdemoNGTest" time="0.0"/>
  <testcase name="testIncrementCounterParallel" classname="com.cs341.a2.testngdemo.TestngdemoNGTest" time="0.0"/>
  <testcase name="testIncrementCounterParallel" classname="com.cs341.a2.testngdemo.TestngdemoNGTest" time="0.001"/>
  <testcase name="testIncrementCounterParallel" classname="com.cs341.a2.testngdemo.TestngdemoNGTest" time="0.001"/>
  <testcase name="testIncrementCounterParallel" classname="com.cs341.a2.testngdemo.TestngdemoNGTest" time="0.0"/>
  <testcase name="testIncrementCounterParallel" classname="com.cs341.a2.testngdemo.TestngdemoNGTest" time="0.0"/>
  <testcase name="testIncrementCounterParallel" classname="com.cs341.a2.testngdemo.TestngdemoNGTest" time="0.001"/>
  <testcase name="testIncrementCounterParallel" classname="com.cs341.a2.testngdemo.TestngdemoNGTest" time="0.001"/>
  <testcase name="testIncrementCounterParallel" classname="com.cs341.a2.testngdemo.TestngdemoNGTest" time="0.0"/>
  <testcase name="testIncrementCounterParallel" classname="com.cs341.a2.testngdemo.TestngdemoNGTest" time="0.0"/>
  <testcase name="testIncrementCounterParallel" classname="com.cs341.a2.testngdemo.TestngdemoNGTest" time="0.0"/>
  <testcase name="testIncrementCounterParallel" classname="com.cs341.a2.testngdemo.TestngdemoNGTest" time="0.0"/>
  <testcase name="testIncrementCounterParallel" classname="com.cs341.a2.testngdemo.TestngdemoNGTest" time="0.0"/>
  <testcase name="testIncrementCounterParallel" classname="com.cs341.a2.testngdemo.TestngdemoNGTest" time="0.0"/>
  <testcase name="testIncrementCounterParallel" classname="com.cs341.a2.testngdemo.TestngdemoNGTest" time="0.0"/>
  <testcase name="testIncrementCounterParallel" classname="com.cs341.a2.testngdemo.TestngdemoNGTest" time="0.001"/>
  <testcase name="testIncrementCounterParallel" classname="com.cs341.a2.testngdemo.TestngdemoNGTest" time="0.0"/>
  <testcase name="testIncrementCounterParallel" classname="com.cs341.a2.testngdemo.TestngdemoNGTest" time="0.0"/>
  <testcase name="testIncrementCounterParallel" classname="com.cs341.a2.testngdemo.TestngdemoNGTest" time="0.0"/>
  <testcase name="testIncrementCounterParallel" classname="com.cs341.a2.testngdemo.TestngdemoNGTest" time="0.001"/>
  <testcase name="testIncrementCounterParallel" classname="com.cs341.a2.testngdemo.TestngdemoNGTest" time="0.001"/>
  <testcase name="testIncrementCounterParallel" classname="com.cs341.a2.testngdemo.TestngdemoNGTest" time="0.0"/>
  <testcase name="testIncrementCounterParallel" classname="com.cs341.a2.testngdemo.TestngdemoNGTest" time="0.0"/>
  <testcase name="testIncrementCounterParallel" classname="com.cs341.a2.testngdemo.TestngdemoNGTest" time="0.001"/>
  <testcase name="testIncrementCounterParallel" classname="com.cs341.a2.testngdemo.TestngdemoNGTest" time="0.001"/>
  <testcase name="testIncrementCounterParallel" classname="com.cs341.a2.testngdemo.TestngdemoNGTest" time="0.001"/>
  <testcase name="testIncrementCounterParallel" classname="com.cs341.a2.testngdemo.TestngdemoNGTest" time="0.0"/>
  <testcase name="testIncrementCounterParallel" classname="com.cs341.a2.testngdemo.TestngdemoNGTest" time="0.0"/>
  <testcase name="testIncrementCounterParallel" classname="com.cs341.a2.testngdemo.TestngdemoNGTest" time="0.0"/>
  <testcase name="testIncrementCounterParallel" classname="com.cs341.a2.testngdemo.TestngdemoNGTest" time="0.0"/>
  <testcase name="testIncrementCounterParallel" classname="com.cs341.a2.testngdemo.TestngdemoNGTest" time="0.0"/>
  <testcase name="testIncrementCounterParallel" classname="com.cs341.a2.testngdemo.TestngdemoNGTest" time="0.0"/>
  <testcase name="testIncrementCounterParallel" classname="com.cs341.a2.testngdemo.TestngdemoNGTest" time="0.0"/>
  <testcase name="testIncrementCounterParallel" classname="com.cs341.a2.testngdemo.TestngdemoNGTest" time="0.001"/>
  <testcase name="testIncrementCounterParallel" classname="com.cs341.a2.testngdemo.TestngdemoNGTest" time="0.001"/>
  <testcase name="testIncrementCounterParallel" classname="com.cs341.a2.testngdemo.TestngdemoNGTest" time="0.001"/>
  <testcase name="testIncrementCounterParallel" classname="com.cs341.a2.testngdemo.TestngdemoNGTest" time="0.0"/>
  <testcase name="testIncrementCounterParallel" classname="com.cs341.a2.testngdemo.TestngdemoNGTest" time="0.0"/>
  <testcase name="testIncrementCounterParallel" classname="com.cs341.a2.testngdemo.TestngdemoNGTest" time="0.0"/>
  <testcase name="testIncrementCounterParallel" classname="com.cs341.a2.testngdemo.TestngdemoNGTest" time="0.0"/>
  <testcase name="testIncrementCounterParallel" classname="com.cs341.a2.testngdemo.TestngdemoNGTest" time="0.0"/>
  <testcase name="testIncrementCounterParallel" classname="com.cs341.a2.testngdemo.TestngdemoNGTest" time="0.001"/>
  <testcase name="testIncrementCounterParallel" classname="com.cs341.a2.testngdemo.TestngdemoNGTest" time="0.0"/>
  <testcase name="testIncrementCounterParallel" classname="com.cs341.a2.testngdemo.TestngdemoNGTest" time="0.0"/>
  <testcase name="testDivisionByZero" classname="com.cs341.a2.testngdemo.TestngdemoNGTest" time="0.0"/>
  <testcase name="testSampleValue" classname="com.cs341.a2.testngdemo.TestngdemoNGTest" time="0.0"/>
  <testcase name="testCounterValue" classname="com.cs341.a2.testngdemo.TestngdemoNGTest" time="0.0"/>
  <testcase name="testParallelExecution" classname="com.cs341.a2.testngdemo.TestngdemoNGTest" time="0.474">
    <system-out><![CDATA[Thread: 48, Execution time: 503 ms, Started: 1729488887367, Ended: 1729488887870
Thread: 50, Execution time: 503 ms, Started: 1729488887367, Ended: 1729488887870
]]></system-out>
  </testcase>
  <testcase name="testParallelExecution" classname="com.cs341.a2.testngdemo.TestngdemoNGTest" time="0.474"/>
  <testcase name="testParallelExecution" classname="com.cs341.a2.testngdemo.TestngdemoNGTest" time="0.507">
    <system-out><![CDATA[Thread: 48, Execution time: 505 ms, Started: 1729488887878, Ended: 1729488888383
]]></system-out>
  </testcase>
</testsuite>