<?xml version="1.0" encoding="UTF-8"?>
<!-- Generated by org.testng.reporters.JUnitReportReporter -->
<testsuite hostname="Labeebs-MacBook-Pro.local" failures="0" tests="109" name="com.cs341.a2.testngdemo.TestngdemoNGTest" time="1.639" errors="0" timestamp="2024-10-21T17:34:48 FJT" skipped="0">
  <testcase classname="com.cs341.a2.testngdemo.TestngdemoNGTest" name="testIncrementCounterParallel" time="0.001"/>
  <testcase classname="com.cs341.a2.testngdemo.TestngdemoNGTest" name="testIncrementCounterParallel" time="0.001"/>
  <testcase classname="com.cs341.a2.testngdemo.TestngdemoNGTest" name="testIncrementCounterParallel" time="0.001"/>
  <testcase classname="com.cs341.a2.testngdemo.TestngdemoNGTest" name="testIncrementCounterParallel" time="0.001"/>
  <testcase classname="com.cs341.a2.testngdemo.TestngdemoNGTest" name="testIncrementCounterParallel" time="0.000"/>
  <testcase classname="com.cs341.a2.testngdemo.TestngdemoNGTest" name="testIncrementCounterParallel" time="0.000"/>
  <testcase classname="com.cs341.a2.testngdemo.TestngdemoNGTest" name="testIncrementCounterParallel" time="0.000"/>
  <testcase classname="com.cs341.a2.testngdemo.TestngdemoNGTest" name="testIncrementCounterParallel" time="0.004"/>
  <testcase classname="com.cs341.a2.testngdemo.TestngdemoNGTest" name="testIncrementCounterParallel" time="0.001"/>
  <testcase classname="com.cs341.a2.testngdemo.TestngdemoNGTest" name="testIncrementCounterParallel" time="0.005"/>
  <testcase classname="com.cs341.a2.testngdemo.TestngdemoNGTest" name="testIncrementCounterParallel" time="0.000"/>
  <testcase classname="com.cs341.a2.testngdemo.TestngdemoNGTest" name="testIncrementCounterParallel" time="0.001"/>
  <testcase classname="com.cs341.a2.testngdemo.TestngdemoNGTest" name="testIncrementCounterParallel" time="0.001"/>
  <testcase classname="com.cs341.a2.testngdemo.TestngdemoNGTest" name="testIncrementCounterParallel" time="0.001"/>
  <testcase classname="com.cs341.a2.testngdemo.TestngdemoNGTest" name="testIncrementCounterParallel" time="0.000"/>
  <testcase classname="com.cs341.a2.testngdemo.TestngdemoNGTest" name="testIncrementCounterParallel" time="0.002"/>
  <testcase classname="com.cs341.a2.testngdemo.TestngdemoNGTest" name="testIncrementCounterParallel" time="0.001"/>
  <testcase classname="com.cs341.a2.testngdemo.TestngdemoNGTest" name="testIncrementCounterParallel" time="0.001"/>
  <testcase classname="com.cs341.a2.testngdemo.TestngdemoNGTest" name="testIncrementCounterParallel" time="0.000"/>
  <testcase classname="com.cs341.a2.testngdemo.TestngdemoNGTest" name="testIncrementCounterParallel" time="0.001"/>
  <testcase classname="com.cs341.a2.testngdemo.TestngdemoNGTest" name="testIncrementCounterParallel" time="0.001"/>
  <testcase classname="com.cs341.a2.testngdemo.TestngdemoNGTest" name="testIncrementCounterParallel" time="0.000"/>
  <testcase classname="com.cs341.a2.testngdemo.TestngdemoNGTest" name="testSampleValue" time="0.001"/>
  <testcase classname="com.cs341.a2.testngdemo.TestngdemoNGTest" name="testIncrementCounterParallel" time="0.001"/>
  <testcase classname="com.cs341.a2.testngdemo.TestngdemoNGTest" name="testIncrementCounterParallel" time="0.001"/>
  <testcase classname="com.cs341.a2.testngdemo.TestngdemoNGTest" name="testIncrementCounterParallel" time="0.001"/>
  <testcase classname="com.cs341.a2.testngdemo.TestngdemoNGTest" name="testIncrementCounterParallel" time="0.000"/>
  <testcase classname="com.cs341.a2.testngdemo.TestngdemoNGTest" name="testIncrementCounterParallel" time="0.001"/>
  <testcase classname="com.cs341.a2.testngdemo.TestngdemoNGTest" name="testIncrementCounterParallel" time="0.000"/>
  <testcase classname="com.cs341.a2.testngdemo.TestngdemoNGTest" name="testIncrementCounterParallel" time="0.000"/>
  <testcase classname="com.cs341.a2.testngdemo.TestngdemoNGTest" name="testIncrementCounterParallel" time="0.001"/>
  <testcase classname="com.cs341.a2.testngdemo.TestngdemoNGTest" name="testIncrementCounterParallel" time="0.001"/>
  <testcase classname="com.cs341.a2.testngdemo.TestngdemoNGTest" name="testIncrementCounterParallel" time="0.001"/>
  <testcase classname="com.cs341.a2.testngdemo.TestngdemoNGTest" name="testIncrementCounterParallel" time="0.001"/>
  <testcase classname="com.cs341.a2.testngdemo.TestngdemoNGTest" name="testIncrementCounterParallel" time="0.005"/>
  <testcase classname="com.cs341.a2.testngdemo.TestngdemoNGTest" name="testIncrementCounterParallel" time="0.000"/>
  <testcase classname="com.cs341.a2.testngdemo.TestngdemoNGTest" name="testIncrementCounterParallel" time="0.001"/>
  <testcase classname="com.cs341.a2.testngdemo.TestngdemoNGTest" name="testIncrementCounterParallel" time="0.001"/>
  <testcase classname="com.cs341.a2.testngdemo.TestngdemoNGTest" name="testIncrementCounterParallel" time="0.001"/>
  <testcase classname="com.cs341.a2.testngdemo.TestngdemoNGTest" name="testIncrementCounterParallel" time="0.001"/>
  <testcase classname="com.cs341.a2.testngdemo.TestngdemoNGTest" name="testIncrementCounterParallel" time="0.000"/>
  <testcase classname="com.cs341.a2.testngdemo.TestngdemoNGTest" name="testIncrementCounterParallel" time="0.000"/>
  <testcase classname="com.cs341.a2.testngdemo.TestngdemoNGTest" name="testIncrementCounterParallel" time="0.001"/>
  <testcase classname="com.cs341.a2.testngdemo.TestngdemoNGTest" name="testIncrementCounterParallel" time="0.005"/>
  <testcase classname="com.cs341.a2.testngdemo.TestngdemoNGTest" name="testIncrementCounterParallel" time="0.003"/>
  <testcase classname="com.cs341.a2.testngdemo.TestngdemoNGTest" name="testIncrementCounterParallel" time="0.000"/>
  <testcase classname="com.cs341.a2.testngdemo.TestngdemoNGTest" name="testIncrementCounterParallel" time="0.001"/>
  <testcase classname="com.cs341.a2.testngdemo.TestngdemoNGTest" name="testSubtraction" time="0.004"/>
  <testcase classname="com.cs341.a2.testngdemo.TestngdemoNGTest" name="testIncrementCounterParallel" time="0.002"/>
  <testcase classname="com.cs341.a2.testngdemo.TestngdemoNGTest" name="testIncrementCounterParallel" time="0.001"/>
  <testcase classname="com.cs341.a2.testngdemo.TestngdemoNGTest" name="testIncrementCounterParallel" time="0.000"/>
  <testcase classname="com.cs341.a2.testngdemo.TestngdemoNGTest" name="testIncrementCounterParallel" time="0.000"/>
  <testcase classname="com.cs341.a2.testngdemo.TestngdemoNGTest" name="testIncrementCounterParallel" time="0.001"/>
  <testcase classname="com.cs341.a2.testngdemo.TestngdemoNGTest" name="testIncrementCounterParallel" time="0.001"/>
  <testcase classname="com.cs341.a2.testngdemo.TestngdemoNGTest" name="testIncrementCounterParallel" time="0.001"/>
  <testcase classname="com.cs341.a2.testngdemo.TestngdemoNGTest" name="testIncrementCounterParallel" time="0.001"/>
  <testcase classname="com.cs341.a2.testngdemo.TestngdemoNGTest" name="testIncrementCounterParallel" time="0.000"/>
  <testcase classname="com.cs341.a2.testngdemo.TestngdemoNGTest" name="testIncrementCounterParallel" time="0.001"/>
  <testcase classname="com.cs341.a2.testngdemo.TestngdemoNGTest" name="testIncrementCounterParallel" time="0.000"/>
  <testcase classname="com.cs341.a2.testngdemo.TestngdemoNGTest" name="testIncrementCounterParallel" time="0.002"/>
  <testcase classname="com.cs341.a2.testngdemo.TestngdemoNGTest" name="testIncrementCounterParallel" time="0.000"/>
  <testcase classname="com.cs341.a2.testngdemo.TestngdemoNGTest" name="testIncrementCounterParallel" time="0.000"/>
  <testcase classname="com.cs341.a2.testngdemo.TestngdemoNGTest" name="testIncrementCounterParallel" time="0.000"/>
  <testcase classname="com.cs341.a2.testngdemo.TestngdemoNGTest" name="testIncrementCounterParallel" time="0.001"/>
  <testcase classname="com.cs341.a2.testngdemo.TestngdemoNGTest" name="testIncrementCounterParallel" time="0.004"/>
  <testcase classname="com.cs341.a2.testngdemo.TestngdemoNGTest" name="testIncrementCounterParallel" time="0.000"/>
  <testcase classname="com.cs341.a2.testngdemo.TestngdemoNGTest" name="testIncrementCounterParallel" time="0.001"/>
  <testcase classname="com.cs341.a2.testngdemo.TestngdemoNGTest" name="testIncrementCounterParallel" time="0.000"/>
  <testcase classname="com.cs341.a2.testngdemo.TestngdemoNGTest" name="testIncrementCounterParallel" time="0.000"/>
  <testcase classname="com.cs341.a2.testngdemo.TestngdemoNGTest" name="testParallelExecution" time="0.511"/>
  <testcase classname="com.cs341.a2.testngdemo.TestngdemoNGTest" name="testIncrementCounterParallel" time="0.002"/>
  <testcase classname="com.cs341.a2.testngdemo.TestngdemoNGTest" name="testIncrementCounterParallel" time="0.000"/>
  <testcase classname="com.cs341.a2.testngdemo.TestngdemoNGTest" name="testIncrementCounterParallel" time="0.000"/>
  <testcase classname="com.cs341.a2.testngdemo.TestngdemoNGTest" name="testIncrementCounterParallel" time="0.000"/>
  <testcase classname="com.cs341.a2.testngdemo.TestngdemoNGTest" name="testIncrementCounterParallel" time="0.001"/>
  <testcase classname="com.cs341.a2.testngdemo.TestngdemoNGTest" name="testAddition" time="0.003"/>
  <testcase classname="com.cs341.a2.testngdemo.TestngdemoNGTest" name="testIncrementCounterParallel" time="0.001"/>
  <testcase classname="com.cs341.a2.testngdemo.TestngdemoNGTest" name="testIncrementCounterParallel" time="0.002"/>
  <testcase classname="com.cs341.a2.testngdemo.TestngdemoNGTest" name="testIncrementCounterParallel" time="0.000"/>
  <testcase classname="com.cs341.a2.testngdemo.TestngdemoNGTest" name="testParallelExecution" time="0.511"/>
  <testcase classname="com.cs341.a2.testngdemo.TestngdemoNGTest" name="testIncrementCounterParallel" time="0.004"/>
  <testcase classname="com.cs341.a2.testngdemo.TestngdemoNGTest" name="testIncrementCounterParallel" time="0.000"/>
  <testcase classname="com.cs341.a2.testngdemo.TestngdemoNGTest" name="testCounterValue" time="0.001"/>
  <testcase classname="com.cs341.a2.testngdemo.TestngdemoNGTest" name="testIncrementCounterParallel" time="0.001"/>
  <testcase classname="com.cs341.a2.testngdemo.TestngdemoNGTest" name="testParallelExecution" time="0.505"/>
  <testcase classname="com.cs341.a2.testngdemo.TestngdemoNGTest" name="testMultiplication" time="0.003"/>
  <testcase classname="com.cs341.a2.testngdemo.TestngdemoNGTest" name="testIncrementCounterParallel" time="0.001"/>
  <testcase classname="com.cs341.a2.testngdemo.TestngdemoNGTest" name="testIncrementCounterParallel" time="0.000"/>
  <testcase classname="com.cs341.a2.testngdemo.TestngdemoNGTest" name="testIncrementCounterParallel" time="0.001"/>
  <testcase classname="com.cs341.a2.testngdemo.TestngdemoNGTest" name="testIncrementCounterParallel" time="0.000"/>
  <testcase classname="com.cs341.a2.testngdemo.TestngdemoNGTest" name="testIncrementCounterParallel" time="0.001"/>
  <testcase classname="com.cs341.a2.testngdemo.TestngdemoNGTest" name="testIncrementCounterParallel" time="0.001"/>
  <testcase classname="com.cs341.a2.testngdemo.TestngdemoNGTest" name="testIncrementCounterParallel" time="0.000"/>
  <testcase classname="com.cs341.a2.testngdemo.TestngdemoNGTest" name="testIncrementCounterParallel" time="0.001"/>
  <testcase classname="com.cs341.a2.testngdemo.TestngdemoNGTest" name="testIncrementCounterParallel" time="0.000"/>
  <testcase classname="com.cs341.a2.testngdemo.TestngdemoNGTest" name="testDivisionByZero" time="0.003"/>
  <testcase classname="com.cs341.a2.testngdemo.TestngdemoNGTest" name="testIncrementCounterParallel" time="0.000"/>
  <testcase classname="com.cs341.a2.testngdemo.TestngdemoNGTest" name="testIncrementCounterParallel" time="0.000"/>
  <testcase classname="com.cs341.a2.testngdemo.TestngdemoNGTest" name="testIncrementCounterParallel" time="0.000"/>
  <testcase classname="com.cs341.a2.testngdemo.TestngdemoNGTest" name="testIncrementCounterParallel" time="0.000"/>
  <testcase classname="com.cs341.a2.testngdemo.TestngdemoNGTest" name="testIncrementCounterParallel" time="0.005"/>
  <testcase classname="com.cs341.a2.testngdemo.TestngdemoNGTest" name="testIncrementCounterParallel" time="0.000"/>
  <testcase classname="com.cs341.a2.testngdemo.TestngdemoNGTest" name="testIncrementCounterParallel" time="0.001"/>
  <testcase classname="com.cs341.a2.testngdemo.TestngdemoNGTest" name="testIncrementCounterParallel" time="0.001"/>
  <testcase classname="com.cs341.a2.testngdemo.TestngdemoNGTest" name="testIncrementCounterParallel" time="0.004"/>
  <testcase classname="com.cs341.a2.testngdemo.TestngdemoNGTest" name="testIncrementCounterParallel" time="0.001"/>
  <testcase classname="com.cs341.a2.testngdemo.TestngdemoNGTest" name="testIncrementCounterParallel" time="0.001"/>
  <testcase classname="com.cs341.a2.testngdemo.TestngdemoNGTest" name="testIncrementCounterParallel" time="0.002"/>
  <testcase classname="com.cs341.a2.testngdemo.TestngdemoNGTest" name="testIncrementCounterParallel" time="0.000"/>
</testsuite> <!-- com.cs341.a2.testngdemo.TestngdemoNGTest -->
